{
"contracts/Arithmetic.sol":{"l":{"9":1,"10":1,"14":1,"15":1,"19":1,"20":1,"24":1,"25":1,"26":1},"path":"/home/saikiran/Documents/Hardhat/contracts/Arithmetic.sol","s":{"1":1,"2":1,"3":1,"4":1,"5":1},"b":{"1":[1,0]},"f":{"1":1,"2":1,"3":1,"4":1},"fnMap":{"1":{"name":"add","line":8,"loc":{"start":{"line":8,"column":4},"end":{"line":11,"column":4}}},"2":{"name":"subtract","line":13,"loc":{"start":{"line":13,"column":4},"end":{"line":16,"column":4}}},"3":{"name":"multiply","line":18,"loc":{"start":{"line":18,"column":4},"end":{"line":21,"column":4}}},"4":{"name":"divide","line":23,"loc":{"start":{"line":23,"column":4},"end":{"line":27,"column":4}}}},"statementMap":{"1":{"start":{"line":10,"column":8},"end":{"line":10,"column":23}},"2":{"start":{"line":15,"column":8},"end":{"line":15,"column":23}},"3":{"start":{"line":20,"column":8},"end":{"line":20,"column":23}},"4":{"start":{"line":24,"column":8},"end":{"line":24,"column":47}},"5":{"start":{"line":26,"column":8},"end":{"line":26,"column":23}}},"branchMap":{"1":{"line":24,"type":"if","locations":[{"start":{"line":24,"column":8},"end":{"line":24,"column":8}},{"start":{"line":24,"column":8},"end":{"line":24,"column":8}}]}}},
"contracts/Temp.sol":{"l":{"10":0,"14":0,"15":0,"20":0,"21":0,"24":0,"27":0,"28":0},"path":"/home/saikiran/Documents/Hardhat/contracts/Temp.sol","s":{"1":0,"2":0,"3":0,"4":0},"b":{"1":[0,0],"2":[0,0]},"f":{"1":0,"2":0,"3":0},"fnMap":{"1":{"name":"constructor","line":9,"loc":{"start":{"line":9,"column":0},"end":{"line":11,"column":0}}},"2":{"name":"contractBalance","line":13,"loc":{"start":{"line":13,"column":0},"end":{"line":16,"column":0}}},"3":{"name":"transferEther","line":19,"loc":{"start":{"line":19,"column":0},"end":{"line":29,"column":0}}}},"statementMap":{"1":{"start":{"line":14,"column":4},"end":{"line":14,"column":64}},"2":{"start":{"line":15,"column":4},"end":{"line":15,"column":32}},"3":{"start":{"line":20,"column":4},"end":{"line":20,"column":450}},"4":{"start":{"line":28,"column":4},"end":{"line":28,"column":33}}},"branchMap":{"1":{"line":14,"type":"if","locations":[{"start":{"line":14,"column":4},"end":{"line":14,"column":4}},{"start":{"line":14,"column":4},"end":{"line":14,"column":4}}]},"2":{"line":20,"type":"if","locations":[{"start":{"line":20,"column":4},"end":{"line":20,"column":4}},{"start":{"line":20,"column":4},"end":{"line":20,"column":4}}]}}},
"contracts/token.sol":{"l":{"10":0,"11":0,"12":0,"16":0,"17":0,"21":0},"path":"/home/saikiran/Documents/Hardhat/contracts/token.sol","s":{"1":0,"2":0,"3":0},"b":{"1":[0,0],"2":[0,0]},"f":{"1":0,"2":0,"3":0},"fnMap":{"1":{"name":"constructor","line":9,"loc":{"start":{"line":9,"column":4},"end":{"line":13,"column":4}}},"2":{"name":"onlyowner","line":15,"loc":{"start":{"line":15,"column":4},"end":{"line":18,"column":4}}},"3":{"name":"mint","line":20,"loc":{"start":{"line":20,"column":4},"end":{"line":22,"column":4}}}},"statementMap":{"1":{"start":{"line":12,"column":8},"end":{"line":12,"column":56}},"2":{"start":{"line":16,"column":8},"end":{"line":16,"column":79}},"3":{"start":{"line":21,"column":8},"end":{"line":21,"column":26}}},"branchMap":{"1":{"line":16,"type":"if","locations":[{"start":{"line":16,"column":8},"end":{"line":16,"column":8}},{"start":{"line":16,"column":8},"end":{"line":16,"column":8}}]},"2":{"line":20,"type":"if","locations":[{"start":{"line":20,"column":57},"end":{"line":20,"column":57}},{"start":{"line":20,"column":57},"end":{"line":20,"column":57}}]}}}}
