TN:
SF:/home/saikiran/Documents/Hardhat/contracts/Arithmetic.sol
FN:8,add
FN:13,subtract
FN:18,multiply
FN:23,divide
FNF:4
FNH:4
FNDA:1,add
FNDA:1,subtract
FNDA:1,multiply
FNDA:1,divide
DA:9,1
DA:10,1
DA:14,1
DA:15,1
DA:19,1
DA:20,1
DA:24,1
DA:25,1
DA:26,1
LF:9
LH:9
BRDA:24,1,0,1
BRDA:24,1,1,0
BRF:2
BRH:1
end_of_record
TN:
SF:/home/saikiran/Documents/Hardhat/contracts/Temp.sol
FN:9,constructor
FN:13,contractBalance
FN:19,transferEther
FNF:3
FNH:0
FNDA:0,constructor
FNDA:0,contractBalance
FNDA:0,transferEther
DA:10,0
DA:14,0
DA:15,0
DA:20,0
DA:21,0
DA:24,0
DA:27,0
DA:28,0
LF:8
LH:0
BRDA:14,1,0,0
BRDA:14,1,1,0
BRDA:20,2,0,0
BRDA:20,2,1,0
BRF:4
BRH:0
end_of_record
TN:
SF:/home/saikiran/Documents/Hardhat/contracts/token.sol
FN:9,constructor
FN:15,onlyowner
FN:20,mint
FNF:3
FNH:0
FNDA:0,constructor
FNDA:0,onlyowner
FNDA:0,mint
DA:10,0
DA:11,0
DA:12,0
DA:16,0
DA:17,0
DA:21,0
LF:6
LH:0
BRDA:16,1,0,0
BRDA:16,1,1,0
BRDA:20,2,0,0
BRDA:20,2,1,0
BRF:4
BRH:0
end_of_record
